2023-01-04 09:17:57.7029| VacancyClicker.SetupMethods.<ActionLogging>b__5_4| ERROR| OpenQA.Selenium.NoSuchElementException: no such element: Unable to locate element: {"method":"partial link text","selector":"Откликнуться"}
  (Session info: chrome=108.0.5359.125)
   at OpenQA.Selenium.WebDriver.UnpackAndThrowOnError(Response errorResponse, String commandToExecute)
   at OpenQA.Selenium.WebDriver.Execute(String driverCommandToExecute, Dictionary`2 parameters)
   at OpenQA.Selenium.WebDriver.FindElement(String mechanism, String value)
   at OpenQA.Selenium.By.<.ctor>b__11_0(ISearchContext context)
   at OpenQA.Selenium.By.FindElement(ISearchContext context)
   at OpenQA.Selenium.WebDriver.FindElement(By by)
   at OpenQA.Selenium.Support.Events.EventFiringWebDriver.FindElement(By by)| no such element: Unable to locate element: {"method":"partial link text","selector":"Откликнуться"}
  (Session info: chrome=108.0.5359.125)
===========================END===========================

2023-01-04 16:23:56.4923| VacancyClicker.SetupMethods.<ActionLogging>b__5_4| ERROR| OpenQA.Selenium.NoSuchElementException: no such element: Unable to locate element: {"method":"partial link text","selector":"Откликнуться"}
  (Session info: chrome=108.0.5359.125)
   at OpenQA.Selenium.WebDriver.UnpackAndThrowOnError(Response errorResponse, String commandToExecute)
   at OpenQA.Selenium.WebDriver.Execute(String driverCommandToExecute, Dictionary`2 parameters)
   at OpenQA.Selenium.WebDriver.FindElement(String mechanism, String value)
   at OpenQA.Selenium.By.<.ctor>b__11_0(ISearchContext context)
   at OpenQA.Selenium.By.FindElement(ISearchContext context)
   at OpenQA.Selenium.WebDriver.FindElement(By by)
   at OpenQA.Selenium.Support.Events.EventFiringWebDriver.FindElement(By by)| no such element: Unable to locate element: {"method":"partial link text","selector":"Откликнуться"}
  (Session info: chrome=108.0.5359.125)
===========================END===========================

2023-01-04 16:28:38.8977| VacancyClicker.SetupMethods.<ActionLogging>b__5_4| ERROR| OpenQA.Selenium.StaleElementReferenceException: stale element reference: element is not attached to the page document
  (Session info: chrome=108.0.5359.125)
   at OpenQA.Selenium.WebDriver.UnpackAndThrowOnError(Response errorResponse, String commandToExecute)
   at OpenQA.Selenium.WebDriver.Execute(String driverCommandToExecute, Dictionary`2 parameters)
   at OpenQA.Selenium.WebDriver.InternalExecute(String driverCommandToExecute, Dictionary`2 parameters)
   at OpenQA.Selenium.WebElement.Execute(String commandToExecute, Dictionary`2 parameters)
   at OpenQA.Selenium.WebElement.Click()
   at OpenQA.Selenium.Support.Events.EventFiringWebDriver.EventFiringWebElement.Click()| stale element reference: element is not attached to the page document
  (Session info: chrome=108.0.5359.125)
===========================END===========================

2023-01-04 16:39:21.9178| VacancyClicker.SetupMethods.<ActionLogging>b__5_4| ERROR| OpenQA.Selenium.StaleElementReferenceException: stale element reference: element is not attached to the page document
  (Session info: chrome=108.0.5359.125)
   at OpenQA.Selenium.WebDriver.UnpackAndThrowOnError(Response errorResponse, String commandToExecute)
   at OpenQA.Selenium.WebDriver.Execute(String driverCommandToExecute, Dictionary`2 parameters)
   at OpenQA.Selenium.WebDriver.InternalExecute(String driverCommandToExecute, Dictionary`2 parameters)
   at OpenQA.Selenium.WebElement.Execute(String commandToExecute, Dictionary`2 parameters)
   at OpenQA.Selenium.WebElement.Click()
   at OpenQA.Selenium.Support.Events.EventFiringWebDriver.EventFiringWebElement.Click()| stale element reference: element is not attached to the page document
  (Session info: chrome=108.0.5359.125)
===========================END===========================

2023-01-04 16:46:53.8472| VacancyClicker.SetupMethods.<ActionLogging>b__5_4| ERROR| OpenQA.Selenium.StaleElementReferenceException: stale element reference: element is not attached to the page document
  (Session info: chrome=108.0.5359.125)
   at OpenQA.Selenium.WebDriver.UnpackAndThrowOnError(Response errorResponse, String commandToExecute)
   at OpenQA.Selenium.WebDriver.Execute(String driverCommandToExecute, Dictionary`2 parameters)
   at OpenQA.Selenium.WebDriver.InternalExecute(String driverCommandToExecute, Dictionary`2 parameters)
   at OpenQA.Selenium.WebElement.Execute(String commandToExecute, Dictionary`2 parameters)
   at OpenQA.Selenium.WebElement.Click()
   at OpenQA.Selenium.Support.Events.EventFiringWebDriver.EventFiringWebElement.Click()| stale element reference: element is not attached to the page document
  (Session info: chrome=108.0.5359.125)
2023-01-04 16:47:11.8468| VacancyClicker.SetupMethods.<ActionLogging>b__5_4| ERROR| System.Threading.ThreadAbortException: System error.
   at System.Diagnostics.Debugger.CustomNotification(ICustomDebuggerNotification data)
   at System.Diagnostics.Debugger.NotifyOfCrossThreadDependencySlow()
   at System.Threading.Tasks.Task.InternalWaitCore(Int32 millisecondsTimeout, CancellationToken cancellationToken)
   at OpenQA.Selenium.Remote.HttpCommandExecutor.Execute(Command commandToExecute)
   at OpenQA.Selenium.Remote.DriverServiceCommandExecutor.Execute(Command commandToExecute)
   at OpenQA.Selenium.WebDriver.Execute(String driverCommandToExecute, Dictionary`2 parameters)
   at OpenQA.Selenium.WebDriver.FindElement(String mechanism, String value)
   at OpenQA.Selenium.By.<.ctor>b__11_0(ISearchContext context)
   at OpenQA.Selenium.By.FindElement(ISearchContext context)
   at OpenQA.Selenium.WebDriver.FindElement(By by)
   at OpenQA.Selenium.Support.Events.EventFiringWebDriver.FindElement(By by)| System error.
2023-01-04 16:50:39.6133| VacancyClicker.SetupMethods.<ActionLogging>b__5_4| ERROR| OpenQA.Selenium.ElementClickInterceptedException: element click intercepted: Element <a class="bloko-button bloko-button_kind-primary bloko-button_scale-small" data-qa="vacancy-serp__vacancy_response" href="/applicant/vacancy_response?vacancyId=74379377&amp;hhtmFrom=vacancy_search_list">...</a> is not clickable at point (644, 16). Other element would receive the click: <div class="bloko-modal-container bloko-modal-container_visible" data-qa="bloko-modal">...</div>
  (Session info: chrome=108.0.5359.125)
   at OpenQA.Selenium.WebDriver.UnpackAndThrowOnError(Response errorResponse, String commandToExecute)
   at OpenQA.Selenium.WebDriver.Execute(String driverCommandToExecute, Dictionary`2 parameters)
   at OpenQA.Selenium.WebDriver.InternalExecute(String driverCommandToExecute, Dictionary`2 parameters)
   at OpenQA.Selenium.WebElement.Execute(String commandToExecute, Dictionary`2 parameters)
   at OpenQA.Selenium.WebElement.Click()
   at OpenQA.Selenium.Support.Events.EventFiringWebDriver.EventFiringWebElement.Click()| element click intercepted: Element <a class="bloko-button bloko-button_kind-primary bloko-button_scale-small" data-qa="vacancy-serp__vacancy_response" href="/applicant/vacancy_response?vacancyId=74379377&amp;hhtmFrom=vacancy_search_list">...</a> is not clickable at point (644, 16). Other element would receive the click: <div class="bloko-modal-container bloko-modal-container_visible" data-qa="bloko-modal">...</div>
  (Session info: chrome=108.0.5359.125)
2023-01-04 16:50:56.7691| VacancyClicker.SetupMethods.<ActionLogging>b__5_4| ERROR| OpenQA.Selenium.ElementClickInterceptedException: element click intercepted: Element <a class="bloko-button bloko-button_kind-primary bloko-button_scale-small" data-qa="vacancy-serp__vacancy_response" href="/applicant/vacancy_response?vacancyId=73860033&amp;hhtmFrom=vacancy_search_list">...</a> is not clickable at point (644, 16). Other element would receive the click: <div class="bloko-modal-container bloko-modal-container_visible" data-qa="bloko-modal">...</div>
  (Session info: chrome=108.0.5359.125)
   at OpenQA.Selenium.WebDriver.UnpackAndThrowOnError(Response errorResponse, String commandToExecute)
   at OpenQA.Selenium.WebDriver.Execute(String driverCommandToExecute, Dictionary`2 parameters)
   at OpenQA.Selenium.WebDriver.InternalExecute(String driverCommandToExecute, Dictionary`2 parameters)
   at OpenQA.Selenium.WebElement.Execute(String commandToExecute, Dictionary`2 parameters)
   at OpenQA.Selenium.WebElement.Click()
   at OpenQA.Selenium.Support.Events.EventFiringWebDriver.EventFiringWebElement.Click()| element click intercepted: Element <a class="bloko-button bloko-button_kind-primary bloko-button_scale-small" data-qa="vacancy-serp__vacancy_response" href="/applicant/vacancy_response?vacancyId=73860033&amp;hhtmFrom=vacancy_search_list">...</a> is not clickable at point (644, 16). Other element would receive the click: <div class="bloko-modal-container bloko-modal-container_visible" data-qa="bloko-modal">...</div>
  (Session info: chrome=108.0.5359.125)
2023-01-04 16:52:31.2661| VacancyClicker.SetupMethods.<ActionLogging>b__5_4| ERROR| OpenQA.Selenium.NoSuchElementException: no such element: Unable to locate element: {"method":"partial link text","selector":"Откликнуться"}
  (Session info: chrome=108.0.5359.125)
   at OpenQA.Selenium.WebDriver.UnpackAndThrowOnError(Response errorResponse, String commandToExecute)
   at OpenQA.Selenium.WebDriver.Execute(String driverCommandToExecute, Dictionary`2 parameters)
   at OpenQA.Selenium.WebDriver.FindElement(String mechanism, String value)
   at OpenQA.Selenium.By.<.ctor>b__11_0(ISearchContext context)
   at OpenQA.Selenium.By.FindElement(ISearchContext context)
   at OpenQA.Selenium.WebDriver.FindElement(By by)
   at OpenQA.Selenium.Support.Events.EventFiringWebDriver.FindElement(By by)| no such element: Unable to locate element: {"method":"partial link text","selector":"Откликнуться"}
  (Session info: chrome=108.0.5359.125)
===========================END===========================

2023-01-04 16:55:09.0379| VacancyClicker.SetupMethods.<ActionLogging>b__5_4| ERROR| OpenQA.Selenium.StaleElementReferenceException: stale element reference: element is not attached to the page document
  (Session info: chrome=108.0.5359.125)
   at OpenQA.Selenium.WebDriver.UnpackAndThrowOnError(Response errorResponse, String commandToExecute)
   at OpenQA.Selenium.WebDriver.Execute(String driverCommandToExecute, Dictionary`2 parameters)
   at OpenQA.Selenium.WebDriver.InternalExecute(String driverCommandToExecute, Dictionary`2 parameters)
   at OpenQA.Selenium.WebElement.Execute(String commandToExecute, Dictionary`2 parameters)
   at OpenQA.Selenium.WebElement.Click()
   at OpenQA.Selenium.Support.Events.EventFiringWebDriver.EventFiringWebElement.Click()| stale element reference: element is not attached to the page document
  (Session info: chrome=108.0.5359.125)
2023-01-04 16:56:07.7850| VacancyClicker.SetupMethods.<ActionLogging>b__5_4| ERROR| OpenQA.Selenium.NoSuchElementException: no such element: Unable to locate element: {"method":"partial link text","selector":"Откликнуться"}
  (Session info: chrome=108.0.5359.125)
   at OpenQA.Selenium.WebDriver.UnpackAndThrowOnError(Response errorResponse, String commandToExecute)
   at OpenQA.Selenium.WebDriver.Execute(String driverCommandToExecute, Dictionary`2 parameters)
   at OpenQA.Selenium.WebDriver.FindElement(String mechanism, String value)
   at OpenQA.Selenium.By.<.ctor>b__11_0(ISearchContext context)
   at OpenQA.Selenium.By.FindElement(ISearchContext context)
   at OpenQA.Selenium.WebDriver.FindElement(By by)
   at OpenQA.Selenium.Support.Events.EventFiringWebDriver.FindElement(By by)| no such element: Unable to locate element: {"method":"partial link text","selector":"Откликнуться"}
  (Session info: chrome=108.0.5359.125)
===========================END===========================

2023-01-04 16:59:56.3999| VacancyClicker.SetupMethods.<ActionLogging>b__5_4| ERROR| OpenQA.Selenium.StaleElementReferenceException: stale element reference: element is not attached to the page document
  (Session info: chrome=108.0.5359.125)
   at OpenQA.Selenium.WebDriver.UnpackAndThrowOnError(Response errorResponse, String commandToExecute)
   at OpenQA.Selenium.WebDriver.Execute(String driverCommandToExecute, Dictionary`2 parameters)
   at OpenQA.Selenium.WebDriver.InternalExecute(String driverCommandToExecute, Dictionary`2 parameters)
   at OpenQA.Selenium.WebElement.Execute(String commandToExecute, Dictionary`2 parameters)
   at OpenQA.Selenium.WebElement.Click()
   at OpenQA.Selenium.Support.Events.EventFiringWebDriver.EventFiringWebElement.Click()| stale element reference: element is not attached to the page document
  (Session info: chrome=108.0.5359.125)
